<?xml version="1.0" encoding="UTF-8"?>
<!-- Generated by org.testng.reporters.JUnitReportReporter -->
<testsuite hostname="DESKTOP-5V6A07M" failures="0" tests="1" name="testcases.SearchTest" time="8.379" errors="0" timestamp="2024-04-19T15:43:22 IST" skipped="0">
  <testcase classname="testcases.SearchTest" name="VerifySearch" time="8.379"/>
</testsuite> <!-- testcases.SearchTest -->
