<?xml version="1.0" encoding="UTF-8"?>
<!-- Generated by org.testng.reporters.JUnitReportReporter -->
<testsuite hostname="DESKTOP-5V6A07M" failures="0" tests="1" name="testcases.LoginTest" time="3.147" errors="0" timestamp="2024-04-18T22:09:17 IST" skipped="0">
  <testcase classname="testcases.LoginTest" name="verifyLogin" time="3.147"/>
</testsuite> <!-- testcases.LoginTest -->
