<?xml version="1.0" encoding="UTF-8"?>
<!-- Generated by org.testng.reporters.JUnitReportReporter -->
<testsuite hostname="DESKTOP-5V6A07M" failures="0" tests="1" name="testcases.DashBoardTest" time="14.236" errors="0" timestamp="2024-04-20T15:53:56 IST" skipped="0">
  <testcase classname="testcases.DashBoardTest" name="VerifyTestCourses" time="14.236"/>
</testsuite> <!-- testcases.DashBoardTest -->
