<?xml version="1.0" encoding="UTF-8"?>
<!-- Generated by org.testng.reporters.JUnitReportReporter -->
<testsuite hostname="DESKTOP-5V6A07M" failures="0" tests="1" name="testcases.MyTest" time="9.662" errors="0" timestamp="2024-04-14T13:13:24 IST" skipped="0">
  <testcase classname="testcases.MyTest" name="loginTest" time="9.662"/>
</testsuite> <!-- testcases.MyTest -->
